gpasm-0.13.4 beta               display.asm 12-8-2008  20:41:18          PAGE  1


LOC  OBJECT CODE     LINE SOURCE TEXT
  VALUE
 
               00001 ;--------------------------------------------------------
               00002 ; File Created by SDCC : FreeWare ANSI-C Compiler
               00003 ; Version 2.6.0 #4309 (Sep 23 2007)
               00004 ; This file generated Mon Dec  8 20:41:18 2008
               00005 ;--------------------------------------------------------
               00006 ; PIC16 port for the Microchip 16-bit core micros
               00007 ;--------------------------------------------------------
               00008         list    p=18f1320
               00009 
               00010         radix dec
               00011 
               00012 ;--------------------------------------------------------
               00013 ; public variables in this module
               00014 ;--------------------------------------------------------
               00015         global _init_display
               00016         global _display_digits_real
               00017         global _dot1
               00018         global _output_digit
               00019         global _output_flipped_digit
               00020         global _char_to_digit
               00021 
               00022 ;--------------------------------------------------------
               00023 ; extern variables in this module
               00024 ;--------------------------------------------------------
               00025         extern _PORTAbits
               00026         extern _PORTBbits
               00027         extern _LATAbits
               00028         extern _LATBbits
               00029         extern _TRISAbits
               00030         extern _TRISBbits
               00031         extern _PIE1bits
               00032         extern _PIR1bits
               00033         extern _IPR1bits
               00034         extern _PIE2bits
               00035         extern _PIR2bits
               00036         extern _IPR2bits
               00037         extern _EECON1bits
               00038         extern _RCSTAbits
               00039         extern _TXSTAbits
               00040         extern _T3CONbits
               00041         extern _ECCPASbits
               00042         extern _CCP1CONbits
               00043         extern _ADCON2bits
               00044         extern _ADCON1bits
               00045         extern _ADCON0bits
               00046         extern _T2CONbits
               00047         extern _T1CONbits
               00048         extern _RCONbits
               00049         extern _WDTCONbits
               00050         extern _LVDCONbits
               00051         extern _OSCCONbits
               00052         extern _STATUSbits
               00053         extern _INTCON3bits
               00054         extern _INTCON2bits
gpasm-0.13.4 beta               display.asm 12-8-2008  20:41:18          PAGE  2


LOC  OBJECT CODE     LINE SOURCE TEXT
  VALUE
 
               00055         extern _INTCONbits
               00056         extern _STKPTRbits
               00057         extern _PORTA
               00058         extern _PORTB
               00059         extern _LATA
               00060         extern _LATB
               00061         extern _TRISA
               00062         extern _TRISB
               00063         extern _PIE1
               00064         extern _PIR1
               00065         extern _IPR1
               00066         extern _PIE2
               00067         extern _PIR2
               00068         extern _IPR2
               00069         extern _EECON1
               00070         extern _EECON2
               00071         extern _EEDATA
               00072         extern _EEADR
               00073         extern _BAUDCTL
               00074         extern _RCSTA
               00075         extern _TXSTA
               00076         extern _TXREG
               00077         extern _RCREG
               00078         extern _SPBRG
               00079         extern _SPBRGH
               00080         extern _T3CON
               00081         extern _TMR3L
               00082         extern _TMR3H
               00083         extern _ECCPAS
               00084         extern _CCP1CON
               00085         extern _CCPR1L
               00086         extern _CCPR1H
               00087         extern _ADCON2
               00088         extern _ADCON1
               00089         extern _ADCON0
               00090         extern _ADRESL
               00091         extern _ADRESH
               00092         extern _T2CON
               00093         extern _PR2
               00094         extern _TMR2
               00095         extern _T1CON
               00096         extern _TMR1L
               00097         extern _TMR1H
               00098         extern _RCON
               00099         extern _WDTCON
               00100         extern _LVDCON
               00101         extern _OSCCON
               00102         extern _T0CON
               00103         extern _TMR0L
               00104         extern _TMR0H
               00105         extern _STATUS
               00106         extern _FSR2L
               00107         extern _FSR2H
               00108         extern _PLUSW2
gpasm-0.13.4 beta               display.asm 12-8-2008  20:41:18          PAGE  3


LOC  OBJECT CODE     LINE SOURCE TEXT
  VALUE
 
               00109         extern _PREINC2
               00110         extern _POSTDEC2
               00111         extern _POSTINC2
               00112         extern _INDF2
               00113         extern _BSR
               00114         extern _FSR1L
               00115         extern _FSR1H
               00116         extern _PLUSW1
               00117         extern _PREINC1
               00118         extern _POSTDEC1
               00119         extern _POSTINC1
               00120         extern _INDF1
               00121         extern _WREG
               00122         extern _FSR0L
               00123         extern _FSR0H
               00124         extern _PLUSW0
               00125         extern _PREINC0
               00126         extern _POSTDEC0
               00127         extern _POSTINC0
               00128         extern _INDF0
               00129         extern _INTCON3
               00130         extern _INTCON2
               00131         extern _INTCON
               00132         extern _PRODL
               00133         extern _PRODH
               00134         extern _TABLAT
               00135         extern _TBLPTRL
               00136         extern _TBLPTRH
               00137         extern _TBLPTRU
               00138         extern _PCL
               00139         extern _PCLATH
               00140         extern _PCLATU
               00141         extern _STKPTR
               00142         extern _TOSL
               00143         extern _TOSH
               00144         extern _TOSU
               00145 ;--------------------------------------------------------
               00146 ;       Equates to used internal registers
               00147 ;--------------------------------------------------------
  00000FF6     00148 TBLPTRL equ     0xff6
  00000FF7     00149 TBLPTRH equ     0xff7
  00000FF8     00150 TBLPTRU equ     0xff8
  00000FF5     00151 TABLAT  equ     0xff5
  00000FE1     00152 FSR1L   equ     0xfe1
  00000FD9     00153 FSR2L   equ     0xfd9
  00000FE5     00154 POSTDEC1        equ     0xfe5
  00000FE4     00155 PREINC1 equ     0xfe4
  00000FDB     00156 PLUSW2  equ     0xfdb
               00157 
               00158 
               00159         idata
               00160 _dot1   db      0x01
               00161 
               00162 
gpasm-0.13.4 beta               display.asm 12-8-2008  20:41:18          PAGE  4


LOC  OBJECT CODE     LINE SOURCE TEXT
  VALUE
 
               00163 ; Internal registers
               00164 .registers      udata_ovr       0x0000
               00165 r0x00   res     1
               00166 r0x01   res     1
               00167 r0x02   res     1
               00168 r0x03   res     1
               00169 r0x04   res     1
               00170 r0x05   res     1
               00171 r0x06   res     1
               00172 r0x07   res     1
               00173 
               00174 udata_display_0 udata
               00175 _output_digit_w_1_1     res     1
               00176 
               00177 ;--------------------------------------------------------
               00178 ; global & static initialisations
               00179 ;--------------------------------------------------------
               00180 ; I code from now on!
               00181 ; ; Starting pCode block
               00182 S_display__display_digits_real  code
0000           00183 _display_digits_real:
               00184 ;       .line   92; display.c   void display_digits_real(uint8_t d0,uint8_t d1,uint8_t d2,uint8_t d3,uint8_t d4,uint8_t d5){
0000 CFD9 FFE5 00185         MOVFF   FSR2L, POSTDEC1
0004 CFE1 FFD9 00186         MOVFF   FSR1L, FSR2L
0008 C000 FFE5 00187         MOVFF   r0x00, POSTDEC1
000C C000 FFE5 00188         MOVFF   r0x01, POSTDEC1
0010 C000 FFE5 00189         MOVFF   r0x02, POSTDEC1
0014 C000 FFE5 00190         MOVFF   r0x03, POSTDEC1
0018 C000 FFE5 00191         MOVFF   r0x04, POSTDEC1
001C C000 FFE5 00192         MOVFF   r0x05, POSTDEC1
0020 C000 FFE5 00193         MOVFF   r0x06, POSTDEC1
0024 C000 FFE5 00194         MOVFF   r0x07, POSTDEC1
0028 0E02      00195         MOVLW   0x02
002A CFDB F000 00196         MOVFF   PLUSW2, r0x00
002E 0E03      00197         MOVLW   0x03
0030 CFDB F000 00198         MOVFF   PLUSW2, r0x01
0034 0E04      00199         MOVLW   0x04
0036 CFDB F000 00200         MOVFF   PLUSW2, r0x02
003A 0E05      00201         MOVLW   0x05
003C CFDB F000 00202         MOVFF   PLUSW2, r0x03
0040 0E06      00203         MOVLW   0x06
0042 CFDB F000 00204         MOVFF   PLUSW2, r0x04
0046 0E07      00205         MOVLW   0x07
0048 CFDB F000 00206         MOVFF   PLUSW2, r0x05
               00207 ;       .line   94; display.c   LATBbits.LATB3 = 0;
004C 9600      00208         BCF     _LATBbits, 3
               00209 ;       .line   97; display.c   output_flipped_digit(char_to_digit[d5]);
004E 0E00      00210         MOVLW   LOW(_char_to_digit)
0050 2600      00211         ADDWF   r0x05, F
0052 0E00      00212         MOVLW   HIGH(_char_to_digit)
0054 6A00      00213         CLRF    r0x06
0056 2200      00214         ADDWFC  r0x06, F
0058 0E00      00215         MOVLW   UPPER(_char_to_digit)
005A 6A00      00216         CLRF    r0x07
gpasm-0.13.4 beta               display.asm 12-8-2008  20:41:18          PAGE  5


LOC  OBJECT CODE     LINE SOURCE TEXT
  VALUE
 
005C 2200      00217         ADDWFC  r0x07, F
005E C000 FFF6 00218         MOVFF   r0x05, TBLPTRL
0062 C000 FFF7 00219         MOVFF   r0x06, TBLPTRH
0066 C000 FFF8 00220         MOVFF   r0x07, TBLPTRU
006A 0009      00221         TBLRD*+ 
006C CFF5 F000 00222         MOVFF   TABLAT, r0x05
0070 5000      00223         MOVF    r0x05, W
0072 6EE5      00224         MOVWF   POSTDEC1
0074 EC00 F000 00225         CALL    _output_flipped_digit
0078 2AE1      00226         INCF    FSR1L, F
               00227 ;       .line   98; display.c   output_flipped_digit(char_to_digit[d4] | b(00000001)); 
007A 0E00      00228         MOVLW   LOW(_char_to_digit)
007C 2600      00229         ADDWF   r0x04, F
007E 0E00      00230         MOVLW   HIGH(_char_to_digit)
0080 6A00      00231         CLRF    r0x05
0082 2200      00232         ADDWFC  r0x05, F
0084 0E00      00233         MOVLW   UPPER(_char_to_digit)
0086 6A00      00234         CLRF    r0x06
0088 2200      00235         ADDWFC  r0x06, F
008A C000 FFF6 00236         MOVFF   r0x04, TBLPTRL
008E C000 FFF7 00237         MOVFF   r0x05, TBLPTRH
0092 C000 FFF8 00238         MOVFF   r0x06, TBLPTRU
0096 0009      00239         TBLRD*+ 
0098 CFF5 F000 00240         MOVFF   TABLAT, r0x04
009C 8000      00241         BSF     r0x04, 0
009E 5000      00242         MOVF    r0x04, W
00A0 6EE5      00243         MOVWF   POSTDEC1
00A2 EC00 F000 00244         CALL    _output_flipped_digit
00A6 2AE1      00245         INCF    FSR1L, F
               00246 ;       .line   99; display.c   output_digit(char_to_digit[d3] | b(00000001));
00A8 0E00      00247         MOVLW   LOW(_char_to_digit)
00AA 2600      00248         ADDWF   r0x03, F
00AC 0E00      00249         MOVLW   HIGH(_char_to_digit)
00AE 6A00      00250         CLRF    r0x04
00B0 2200      00251         ADDWFC  r0x04, F
00B2 0E00      00252         MOVLW   UPPER(_char_to_digit)
00B4 6A00      00253         CLRF    r0x05
00B6 2200      00254         ADDWFC  r0x05, F
00B8 C000 FFF6 00255         MOVFF   r0x03, TBLPTRL
00BC C000 FFF7 00256         MOVFF   r0x04, TBLPTRH
00C0 C000 FFF8 00257         MOVFF   r0x05, TBLPTRU
00C4 0009      00258         TBLRD*+ 
00C6 CFF5 F000 00259         MOVFF   TABLAT, r0x03
00CA 8000      00260         BSF     r0x03, 0
00CC 5000      00261         MOVF    r0x03, W
00CE 6EE5      00262         MOVWF   POSTDEC1
00D0 EC00 F000 00263         CALL    _output_digit
00D4 2AE1      00264         INCF    FSR1L, F
               00265 ;       .line   100; display.c  output_flipped_digit(char_to_digit[d2] | b(00000001));
00D6 0E00      00266         MOVLW   LOW(_char_to_digit)
00D8 2600      00267         ADDWF   r0x02, F
00DA 0E00      00268         MOVLW   HIGH(_char_to_digit)
00DC 6A00      00269         CLRF    r0x03
00DE 2200      00270         ADDWFC  r0x03, F
gpasm-0.13.4 beta               display.asm 12-8-2008  20:41:18          PAGE  6


LOC  OBJECT CODE     LINE SOURCE TEXT
  VALUE
 
00E0 0E00      00271         MOVLW   UPPER(_char_to_digit)
00E2 6A00      00272         CLRF    r0x04
00E4 2200      00273         ADDWFC  r0x04, F
00E6 C000 FFF6 00274         MOVFF   r0x02, TBLPTRL
00EA C000 FFF7 00275         MOVFF   r0x03, TBLPTRH
00EE C000 FFF8 00276         MOVFF   r0x04, TBLPTRU
00F2 0009      00277         TBLRD*+ 
00F4 CFF5 F000 00278         MOVFF   TABLAT, r0x02
00F8 8000      00279         BSF     r0x02, 0
00FA 5000      00280         MOVF    r0x02, W
00FC 6EE5      00281         MOVWF   POSTDEC1
00FE EC00 F000 00282         CALL    _output_flipped_digit
0102 2AE1      00283         INCF    FSR1L, F
               00284 ;       .line   101; display.c  output_digit(char_to_digit[d1] | dot1);
0104 0E00      00285         MOVLW   LOW(_char_to_digit)
0106 2600      00286         ADDWF   r0x01, F
0108 0E00      00287         MOVLW   HIGH(_char_to_digit)
010A 6A00      00288         CLRF    r0x02
010C 2200      00289         ADDWFC  r0x02, F
010E 0E00      00290         MOVLW   UPPER(_char_to_digit)
0110 6A00      00291         CLRF    r0x03
0112 2200      00292         ADDWFC  r0x03, F
0114 C000 FFF6 00293         MOVFF   r0x01, TBLPTRL
0118 C000 FFF7 00294         MOVFF   r0x02, TBLPTRH
011C C000 FFF8 00295         MOVFF   r0x03, TBLPTRU
0120 0009      00296         TBLRD*+ 
0122 CFF5 F000 00297         MOVFF   TABLAT, r0x01
0126 0000      00298         BANKSEL _dot1
0128 5100      00299         MOVF    _dot1, W, B
012A 1200      00300         IORWF   r0x01, F
012C 5000      00301         MOVF    r0x01, W
012E 6EE5      00302         MOVWF   POSTDEC1
0130 EC00 F000 00303         CALL    _output_digit
0134 2AE1      00304         INCF    FSR1L, F
               00305 ;       .line   102; display.c  output_digit(char_to_digit[d0]);
0136 0E00      00306         MOVLW   LOW(_char_to_digit)
0138 2600      00307         ADDWF   r0x00, F
013A 0E00      00308         MOVLW   HIGH(_char_to_digit)
013C 6A00      00309         CLRF    r0x01
013E 2200      00310         ADDWFC  r0x01, F
0140 0E00      00311         MOVLW   UPPER(_char_to_digit)
0142 6A00      00312         CLRF    r0x02
0144 2200      00313         ADDWFC  r0x02, F
0146 C000 FFF6 00314         MOVFF   r0x00, TBLPTRL
014A C000 FFF7 00315         MOVFF   r0x01, TBLPTRH
014E C000 FFF8 00316         MOVFF   r0x02, TBLPTRU
0152 0009      00317         TBLRD*+ 
0154 CFF5 F000 00318         MOVFF   TABLAT, r0x00
0158 5000      00319         MOVF    r0x00, W
015A 6EE5      00320         MOVWF   POSTDEC1
015C EC00 F000 00321         CALL    _output_digit
0160 2AE1      00322         INCF    FSR1L, F
               00323 ;       .line   105; display.c  LATBbits.LATB4 = 1;
0162 8800      00324         BSF     _LATBbits, 4
gpasm-0.13.4 beta               display.asm 12-8-2008  20:41:18          PAGE  7


LOC  OBJECT CODE     LINE SOURCE TEXT
  VALUE
 
               00325 ;       .line   106; display.c  LATBbits.LATB4 = 0;
0164 9800      00326         BCF     _LATBbits, 4
0166 CFE4 F000 00327         MOVFF   PREINC1, r0x07
016A CFE4 F000 00328         MOVFF   PREINC1, r0x06
016E CFE4 F000 00329         MOVFF   PREINC1, r0x05
0172 CFE4 F000 00330         MOVFF   PREINC1, r0x04
0176 CFE4 F000 00331         MOVFF   PREINC1, r0x03
017A CFE4 F000 00332         MOVFF   PREINC1, r0x02
017E CFE4 F000 00333         MOVFF   PREINC1, r0x01
0182 CFE4 F000 00334         MOVFF   PREINC1, r0x00
0186 CFE4 FFD9 00335         MOVFF   PREINC1, FSR2L
018A 0012      00336         RETURN  
               00337 
               00338 ; ; Starting pCode block
               00339 S_display__output_flipped_digit code
0000           00340 _output_flipped_digit:
               00341 ;       .line   83; display.c   void output_flipped_digit(uint8_t d){
0000 CFD9 FFE5 00342         MOVFF   FSR2L, POSTDEC1
0004 CFE1 FFD9 00343         MOVFF   FSR1L, FSR2L
0008 C000 FFE5 00344         MOVFF   r0x00, POSTDEC1
000C C000 FFE5 00345         MOVFF   r0x01, POSTDEC1
0010 C000 FFE5 00346         MOVFF   r0x02, POSTDEC1
0014 0E02      00347         MOVLW   0x02
0016 CFDB F000 00348         MOVFF   PLUSW2, r0x00
               00349 ;       .line   85; display.c   ((d & b(00011100)) << 3) |
001A 0E1C      00350         MOVLW   0x1c
001C 1400      00351         ANDWF   r0x00, W
001E 6E00      00352         MOVWF   r0x01
0020 3400      00353         RLCF    r0x01, W
0022 0B3E      00354         ANDLW   0x3e
0024 6E00      00355         MOVWF   r0x02
0026 2600      00356         ADDWF   r0x02, F
0028 3600      00357         RLCF    r0x02, F
               00358 ;       .line   86; display.c   ((d & b(11100000)) >> 3) |
002A 0EE0      00359         MOVLW   0xe0
002C 1400      00360         ANDWF   r0x00, W
002E 6E00      00361         MOVWF   r0x01
0030 3800      00362         SWAPF   r0x01, W
0032 6E00      00363         MOVWF   r0x01
0034 4400      00364         RLNCF   r0x01, W
0036 0B1F      00365         ANDLW   0x1f
0038 1200      00366         IORWF   r0x02, F
               00367 ;       .line   87; display.c   ((d & b(00000011))));
003A 0E03      00368         MOVLW   0x03
003C 1600      00369         ANDWF   r0x00, F
003E 5000      00370         MOVF    r0x00, W
0040 1200      00371         IORWF   r0x02, F
0042 5000      00372         MOVF    r0x02, W
0044 6EE5      00373         MOVWF   POSTDEC1
0046 EC00 F000 00374         CALL    _output_digit
004A 2AE1      00375         INCF    FSR1L, F
004C CFE4 F000 00376         MOVFF   PREINC1, r0x02
0050 CFE4 F000 00377         MOVFF   PREINC1, r0x01
0054 CFE4 F000 00378         MOVFF   PREINC1, r0x00
gpasm-0.13.4 beta               display.asm 12-8-2008  20:41:18          PAGE  8


LOC  OBJECT CODE     LINE SOURCE TEXT
  VALUE
 
0058 CFE4 FFD9 00379         MOVFF   PREINC1, FSR2L
005C 0012      00380         RETURN  
               00381 
               00382 ; ; Starting pCode block
               00383 S_display__output_digit code
0000           00384 _output_digit:
               00385 ;       .line   68; display.c   void output_digit(uint8_t d){
0000 CFD9 FFE5 00386         MOVFF   FSR2L, POSTDEC1
0004 CFE1 FFD9 00387         MOVFF   FSR1L, FSR2L
0008 C000 FFE5 00388         MOVFF   r0x00, POSTDEC1
000C 0E02      00389         MOVLW   0x02
000E CFDB F000 00390         MOVFF   PLUSW2, r0x00
               00391 ;       .line   71; display.c   w.b = d;
0012 5000      00392         MOVF    r0x00, W
0014 0000      00393         BANKSEL _output_digit_w_1_1
0016 6F00      00394         MOVWF   _output_digit_w_1_1, B
               00395 ;       .line   73; display.c   output_digit_bit(0);
0018 A100      00396         BTFSS   _output_digit_w_1_1, 0, B
001A D000      00397         BRA     _00110_DS_
001C 8400      00398         BSF     _LATAbits, 2
001E D000      00399         BRA     _00111_DS_
0020           00400 _00110_DS_:
0020 9400      00401         BCF     _LATAbits, 2
0022           00402 _00111_DS_:
0022 8600      00403         BSF     _LATAbits, 3
0024 9600      00404         BCF     _LATAbits, 3
0026 0000      00405         BANKSEL _output_digit_w_1_1
               00406 ;       .line   74; display.c   output_digit_bit(1);
0028 A300      00407         BTFSS   _output_digit_w_1_1, 1, B
002A D000      00408         BRA     _00113_DS_
002C 8400      00409         BSF     _LATAbits, 2
002E D000      00410         BRA     _00114_DS_
0030           00411 _00113_DS_:
0030 9400      00412         BCF     _LATAbits, 2
0032           00413 _00114_DS_:
0032 8600      00414         BSF     _LATAbits, 3
0034 9600      00415         BCF     _LATAbits, 3
0036 0000      00416         BANKSEL _output_digit_w_1_1
               00417 ;       .line   75; display.c   output_digit_bit(2);
0038 A500      00418         BTFSS   _output_digit_w_1_1, 2, B
003A D000      00419         BRA     _00116_DS_
003C 8400      00420         BSF     _LATAbits, 2
003E D000      00421         BRA     _00117_DS_
0040           00422 _00116_DS_:
0040 9400      00423         BCF     _LATAbits, 2
0042           00424 _00117_DS_:
0042 8600      00425         BSF     _LATAbits, 3
0044 9600      00426         BCF     _LATAbits, 3
0046 0000      00427         BANKSEL _output_digit_w_1_1
               00428 ;       .line   76; display.c   output_digit_bit(3);
0048 A700      00429         BTFSS   _output_digit_w_1_1, 3, B
004A D000      00430         BRA     _00119_DS_
004C 8400      00431         BSF     _LATAbits, 2
004E D000      00432         BRA     _00120_DS_
gpasm-0.13.4 beta               display.asm 12-8-2008  20:41:18          PAGE  9


LOC  OBJECT CODE     LINE SOURCE TEXT
  VALUE
 
0050           00433 _00119_DS_:
0050 9400      00434         BCF     _LATAbits, 2
0052           00435 _00120_DS_:
0052 8600      00436         BSF     _LATAbits, 3
0054 9600      00437         BCF     _LATAbits, 3
0056 0000      00438         BANKSEL _output_digit_w_1_1
               00439 ;       .line   77; display.c   output_digit_bit(4);
0058 A900      00440         BTFSS   _output_digit_w_1_1, 4, B
005A D000      00441         BRA     _00122_DS_
005C 8400      00442         BSF     _LATAbits, 2
005E D000      00443         BRA     _00123_DS_
0060           00444 _00122_DS_:
0060 9400      00445         BCF     _LATAbits, 2
0062           00446 _00123_DS_:
0062 8600      00447         BSF     _LATAbits, 3
0064 9600      00448         BCF     _LATAbits, 3
0066 0000      00449         BANKSEL _output_digit_w_1_1
               00450 ;       .line   78; display.c   output_digit_bit(5);
0068 AB00      00451         BTFSS   _output_digit_w_1_1, 5, B
006A D000      00452         BRA     _00125_DS_
006C 8400      00453         BSF     _LATAbits, 2
006E D000      00454         BRA     _00126_DS_
0070           00455 _00125_DS_:
0070 9400      00456         BCF     _LATAbits, 2
0072           00457 _00126_DS_:
0072 8600      00458         BSF     _LATAbits, 3
0074 9600      00459         BCF     _LATAbits, 3
0076 0000      00460         BANKSEL _output_digit_w_1_1
               00461 ;       .line   79; display.c   output_digit_bit(6);
0078 AD00      00462         BTFSS   _output_digit_w_1_1, 6, B
007A D000      00463         BRA     _00128_DS_
007C 8400      00464         BSF     _LATAbits, 2
007E D000      00465         BRA     _00129_DS_
0080           00466 _00128_DS_:
0080 9400      00467         BCF     _LATAbits, 2
0082           00468 _00129_DS_:
0082 8600      00469         BSF     _LATAbits, 3
0084 9600      00470         BCF     _LATAbits, 3
0086 0000      00471         BANKSEL _output_digit_w_1_1
               00472 ;       .line   80; display.c   output_digit_bit(7);
0088 AF00      00473         BTFSS   _output_digit_w_1_1, 7, B
008A D000      00474         BRA     _00131_DS_
008C 8400      00475         BSF     _LATAbits, 2
008E D000      00476         BRA     _00132_DS_
0090           00477 _00131_DS_:
0090 9400      00478         BCF     _LATAbits, 2
0092           00479 _00132_DS_:
0092 8600      00480         BSF     _LATAbits, 3
0094 9600      00481         BCF     _LATAbits, 3
0096 CFE4 F000 00482         MOVFF   PREINC1, r0x00
009A CFE4 FFD9 00483         MOVFF   PREINC1, FSR2L
009E 0012      00484         RETURN  
               00485 
               00486 ; ; Starting pCode block
gpasm-0.13.4 beta               display.asm 12-8-2008  20:41:18          PAGE 10


LOC  OBJECT CODE     LINE SOURCE TEXT
  VALUE
 
               00487 S_display__init_display code
0000           00488 _init_display:
               00489 ;       .line   47; display.c   TRISAbits.TRISA1 = 1;
0000 8200      00490         BSF     _TRISAbits, 1
               00491 ;       .line   48; display.c   TRISAbits.TRISA2 = 0;
0002 9400      00492         BCF     _TRISAbits, 2
               00493 ;       .line   49; display.c   TRISAbits.TRISA3 = 0;
0004 9600      00494         BCF     _TRISAbits, 3
               00495 ;       .line   51; display.c   TRISBbits.TRISB3 = 0;
0006 9600      00496         BCF     _TRISBbits, 3
               00497 ;       .line   52; display.c   TRISBbits.TRISB4 = 0;
0008 9800      00498         BCF     _TRISBbits, 4
               00499 ;       .line   55; display.c   display_digits(8,8,8,8,8,8);
000A 0E08      00500         MOVLW   0x08
000C 6EE5      00501         MOVWF   POSTDEC1
000E 6EE5      00502         MOVWF   POSTDEC1
0010 6EE5      00503         MOVWF   POSTDEC1
0012 6EE5      00504         MOVWF   POSTDEC1
0014 6EE5      00505         MOVWF   POSTDEC1
0016 6EE5      00506         MOVWF   POSTDEC1
0018 EC00 F000 00507         CALL    _display_digits_real
001C 0E06      00508         MOVLW   0x06
001E 26E1      00509         ADDWF   FSR1L, F
0020 0012      00510         RETURN  
               00511 
               00512 ; ; Starting pCode block for Ival
               00513         code
0000           00514 _char_to_digit:
0000 60FC F2DA 00515         DB      0xfc, 0x60, 0xda, 0xf2, 0x66, 0xb6, 0xbe, 0xe0, 0xfe, 0xe6, 0xee, 0x3e
0004 B666 E0BE
0008 E6FE 3EEE
000C 7A9C 8E9E 00516         DB      0x9c, 0x7a, 0x9e, 0x8e, 0x00, 0x01
0010 0100
               00517 
               00518 
               00519 ; Statistics:
               00520 ; code size:      690 (0x02b2) bytes ( 0.53%)
               00521 ;                 345 (0x0159) words
               00522 ; udata size:       1 (0x0001) bytes ( 1.56%)
               00523 ; access size:      8 (0x0008) bytes
               00524 
               00525 
gpasm-0.13.4 beta               display.asm 12-8-2008  20:41:18          PAGE 11


SYMBOL TABLE
  LABEL                             VALUE 

FSR1L                             00000FE1
FSR2L                             00000FD9
PLUSW2                            00000FDB
POSTDEC1                          00000FE5
PREINC1                           00000FE4
TABLAT                            00000FF5
TBLPTRH                           00000FF7
TBLPTRL                           00000FF6
TBLPTRU                           00000FF8
_00110_DS_                        00000020
_00111_DS_                        00000022
_00113_DS_                        00000030
_00114_DS_                        00000032
_00116_DS_                        00000040
_00117_DS_                        00000042
_00119_DS_                        00000050
_00120_DS_                        00000052
_00122_DS_                        00000060
_00123_DS_                        00000062
_00125_DS_                        00000070
_00126_DS_                        00000072
_00128_DS_                        00000080
_00129_DS_                        00000082
_00131_DS_                        00000090
_00132_DS_                        00000092
_ADCON0                           00000000
_ADCON0bits                       00000000
_ADCON1                           00000000
_ADCON1bits                       00000000
_ADCON2                           00000000
_ADCON2bits                       00000000
_ADRESH                           00000000
_ADRESL                           00000000
_BAUDCTL                          00000000
_BSR                              00000000
_CCP1CON                          00000000
_CCP1CONbits                      00000000
_CCPR1H                           00000000
_CCPR1L                           00000000
_ECCPAS                           00000000
_ECCPASbits                       00000000
_EEADR                            00000000
_EECON1                           00000000
_EECON1bits                       00000000
_EECON2                           00000000
_EEDATA                           00000000
_FSR0H                            00000000
_FSR0L                            00000000
_FSR1H                            00000000
_FSR1L                            00000000
_FSR2H                            00000000
_FSR2L                            00000000
_INDF0                            00000000
gpasm-0.13.4 beta               display.asm 12-8-2008  20:41:18          PAGE 12


LOC  OBJECT CODE     LINE SOURCE TEXT
  VALUE
 
_INDF1                            00000000
_INDF2                            00000000
_INTCON                           00000000
_INTCON2                          00000000
_INTCON2bits                      00000000
_INTCON3                          00000000
_INTCON3bits                      00000000
_INTCONbits                       00000000
_IPR1                             00000000
_IPR1bits                         00000000
_IPR2                             00000000
_IPR2bits                         00000000
_LATA                             00000000
_LATAbits                         00000000
_LATB                             00000000
_LATBbits                         00000000
_LVDCON                           00000000
_LVDCONbits                       00000000
_OSCCON                           00000000
_OSCCONbits                       00000000
_PCL                              00000000
_PCLATH                           00000000
_PCLATU                           00000000
_PIE1                             00000000
_PIE1bits                         00000000
_PIE2                             00000000
_PIE2bits                         00000000
_PIR1                             00000000
_PIR1bits                         00000000
_PIR2                             00000000
_PIR2bits                         00000000
_PLUSW0                           00000000
_PLUSW1                           00000000
_PLUSW2                           00000000
_PORTA                            00000000
_PORTAbits                        00000000
_PORTB                            00000000
_PORTBbits                        00000000
_POSTDEC0                         00000000
_POSTDEC1                         00000000
_POSTDEC2                         00000000
_POSTINC0                         00000000
_POSTINC1                         00000000
_POSTINC2                         00000000
_PR2                              00000000
_PREINC0                          00000000
_PREINC1                          00000000
_PREINC2                          00000000
_PRODH                            00000000
_PRODL                            00000000
_RCON                             00000000
_RCONbits                         00000000
_RCREG                            00000000
_RCSTA                            00000000
gpasm-0.13.4 beta               display.asm 12-8-2008  20:41:18          PAGE 13


LOC  OBJECT CODE     LINE SOURCE TEXT
  VALUE
 
_RCSTAbits                        00000000
_SPBRG                            00000000
_SPBRGH                           00000000
_STATUS                           00000000
_STATUSbits                       00000000
_STKPTR                           00000000
_STKPTRbits                       00000000
_T0CON                            00000000
_T1CON                            00000000
_T1CONbits                        00000000
_T2CON                            00000000
_T2CONbits                        00000000
_T3CON                            00000000
_T3CONbits                        00000000
_TABLAT                           00000000
_TBLPTRH                          00000000
_TBLPTRL                          00000000
_TBLPTRU                          00000000
_TMR0H                            00000000
_TMR0L                            00000000
_TMR1H                            00000000
_TMR1L                            00000000
_TMR2                             00000000
_TMR3H                            00000000
_TMR3L                            00000000
_TOSH                             00000000
_TOSL                             00000000
_TOSU                             00000000
_TRISA                            00000000
_TRISAbits                        00000000
_TRISB                            00000000
_TRISBbits                        00000000
_TXREG                            00000000
_TXSTA                            00000000
_TXSTAbits                        00000000
_WDTCON                           00000000
_WDTCONbits                       00000000
_WREG                             00000000
__18F1320                         00000001
_char_to_digit                    00000000
_display_digits_real              00000000
_dot1                             00000000
_init_display                     00000000
_output_digit                     00000000
_output_digit_w_1_1               00000000
_output_flipped_digit             00000000
r0x00                             00000000
r0x01                             00000001
r0x02                             00000002
r0x03                             00000003
r0x04                             00000004
r0x05                             00000005
r0x06                             00000006
r0x07                             00000007


Errors   :       0
Warnings :       0 reported,       0 suppressed
Messages :       0 reported,       0 suppressed

