gpasm-0.13.4 beta               eeprom.asm  6-24-2008  22:20:38          PAGE  1


LOC  OBJECT CODE     LINE SOURCE TEXT
  VALUE
 
               00001 ;--------------------------------------------------------
               00002 ; File Created by SDCC : FreeWare ANSI-C Compiler
               00003 ; Version 2.6.0 #4309 (Sep 23 2007)
               00004 ; This file generated Tue Jun 24 22:20:38 2008
               00005 ;--------------------------------------------------------
               00006 ; PIC16 port for the Microchip 16-bit core micros
               00007 ;--------------------------------------------------------
               00008         list    p=18f1320
               00009 
               00010         radix dec
               00011 
               00012 ;--------------------------------------------------------
               00013 ; public variables in this module
               00014 ;--------------------------------------------------------
               00015         global _init_eeprom
               00016         global _save_eeprom_if_needed
               00017         global _trigger_save_eeprom
               00018         global _save_eeprom_fully
               00019         global _eeprom_data
               00020         global _incremental_save_counter
               00021         global _do_eeprom_read
               00022 
               00023 ;--------------------------------------------------------
               00024 ; extern variables in this module
               00025 ;--------------------------------------------------------
               00026         extern __gptrput1
               00027         extern __gptrget1
               00028         extern _PORTAbits
               00029         extern _PORTBbits
               00030         extern _LATAbits
               00031         extern _LATBbits
               00032         extern _TRISAbits
               00033         extern _TRISBbits
               00034         extern _PIE1bits
               00035         extern _PIR1bits
               00036         extern _IPR1bits
               00037         extern _PIE2bits
               00038         extern _PIR2bits
               00039         extern _IPR2bits
               00040         extern _EECON1bits
               00041         extern _RCSTAbits
               00042         extern _TXSTAbits
               00043         extern _T3CONbits
               00044         extern _ECCPASbits
               00045         extern _CCP1CONbits
               00046         extern _ADCON2bits
               00047         extern _ADCON1bits
               00048         extern _ADCON0bits
               00049         extern _T2CONbits
               00050         extern _T1CONbits
               00051         extern _RCONbits
               00052         extern _WDTCONbits
               00053         extern _LVDCONbits
               00054         extern _OSCCONbits
gpasm-0.13.4 beta               eeprom.asm  6-24-2008  22:20:38          PAGE  2


LOC  OBJECT CODE     LINE SOURCE TEXT
  VALUE
 
               00055         extern _STATUSbits
               00056         extern _INTCON3bits
               00057         extern _INTCON2bits
               00058         extern _INTCONbits
               00059         extern _STKPTRbits
               00060         extern _PORTA
               00061         extern _PORTB
               00062         extern _LATA
               00063         extern _LATB
               00064         extern _TRISA
               00065         extern _TRISB
               00066         extern _PIE1
               00067         extern _PIR1
               00068         extern _IPR1
               00069         extern _PIE2
               00070         extern _PIR2
               00071         extern _IPR2
               00072         extern _EECON1
               00073         extern _EECON2
               00074         extern _EEDATA
               00075         extern _EEADR
               00076         extern _BAUDCTL
               00077         extern _RCSTA
               00078         extern _TXSTA
               00079         extern _TXREG
               00080         extern _RCREG
               00081         extern _SPBRG
               00082         extern _SPBRGH
               00083         extern _T3CON
               00084         extern _TMR3L
               00085         extern _TMR3H
               00086         extern _ECCPAS
               00087         extern _CCP1CON
               00088         extern _CCPR1L
               00089         extern _CCPR1H
               00090         extern _ADCON2
               00091         extern _ADCON1
               00092         extern _ADCON0
               00093         extern _ADRESL
               00094         extern _ADRESH
               00095         extern _T2CON
               00096         extern _PR2
               00097         extern _TMR2
               00098         extern _T1CON
               00099         extern _TMR1L
               00100         extern _TMR1H
               00101         extern _RCON
               00102         extern _WDTCON
               00103         extern _LVDCON
               00104         extern _OSCCON
               00105         extern _T0CON
               00106         extern _TMR0L
               00107         extern _TMR0H
               00108         extern _STATUS
gpasm-0.13.4 beta               eeprom.asm  6-24-2008  22:20:38          PAGE  3


LOC  OBJECT CODE     LINE SOURCE TEXT
  VALUE
 
               00109         extern _FSR2L
               00110         extern _FSR2H
               00111         extern _PLUSW2
               00112         extern _PREINC2
               00113         extern _POSTDEC2
               00114         extern _POSTINC2
               00115         extern _INDF2
               00116         extern _BSR
               00117         extern _FSR1L
               00118         extern _FSR1H
               00119         extern _PLUSW1
               00120         extern _PREINC1
               00121         extern _POSTDEC1
               00122         extern _POSTINC1
               00123         extern _INDF1
               00124         extern _WREG
               00125         extern _FSR0L
               00126         extern _FSR0H
               00127         extern _PLUSW0
               00128         extern _PREINC0
               00129         extern _POSTDEC0
               00130         extern _POSTINC0
               00131         extern _INDF0
               00132         extern _INTCON3
               00133         extern _INTCON2
               00134         extern _INTCON
               00135         extern _PRODL
               00136         extern _PRODH
               00137         extern _TABLAT
               00138         extern _TBLPTRL
               00139         extern _TBLPTRH
               00140         extern _TBLPTRU
               00141         extern _PCL
               00142         extern _PCLATH
               00143         extern _PCLATU
               00144         extern _STKPTR
               00145         extern _TOSL
               00146         extern _TOSH
               00147         extern _TOSU
               00148 ;--------------------------------------------------------
               00149 ;       Equates to used internal registers
               00150 ;--------------------------------------------------------
  00000FD8     00151 STATUS  equ     0xfd8
  00000FE8     00152 WREG    equ     0xfe8
  00000FE9     00153 FSR0L   equ     0xfe9
  00000FE1     00154 FSR1L   equ     0xfe1
  00000FD9     00155 FSR2L   equ     0xfd9
  00000FE5     00156 POSTDEC1        equ     0xfe5
  00000FE4     00157 PREINC1 equ     0xfe4
  00000FF3     00158 PRODL   equ     0xff3
               00159 
               00160 
               00161         idata
               00162 _incremental_save_counter       db      0x24
gpasm-0.13.4 beta               eeprom.asm  6-24-2008  22:20:38          PAGE  4


LOC  OBJECT CODE     LINE SOURCE TEXT
  VALUE
 
               00163 
               00164 
               00165 ; Internal registers
               00166 .registers      udata_ovr       0x0000
               00167 r0x00   res     1
               00168 r0x01   res     1
               00169 r0x02   res     1
               00170 
               00171 udata_eeprom_0  udata
               00172 _eeprom_data    res     36
               00173 
               00174 ;--------------------------------------------------------
               00175 ; global & static initialisations
               00176 ;--------------------------------------------------------
               00177 ; I code from now on!
               00178 ; ; Starting pCode block
               00179 S_eeprom__save_eeprom_fully     code
0000           00180 _save_eeprom_fully:
0000 0000      00181         BANKSEL _incremental_save_counter
               00182 ;       .line   74; eeprom.c    incremental_save_counter = 0;
0002 6B00      00183         CLRF    _incremental_save_counter, B
0004           00184 _00130_DS_:
               00185 ;       .line   75; eeprom.c    while (incremental_save_counter < sizeof(eeprom_data)){
0004 0E24      00186         MOVLW   0x24
0006 0000      00187         BANKSEL _incremental_save_counter
0008 5D00      00188         SUBWF   _incremental_save_counter, W, B
000A E200      00189         BC      _00133_DS_
               00190 ;       .line   76; eeprom.c    save_eeprom_if_needed();
000C EC00 F000 00191         CALL    _save_eeprom_if_needed
0010 D000      00192         BRA     _00130_DS_
0012           00193 _00133_DS_:
0012 0012      00194         RETURN  
               00195 
               00196 ; ; Starting pCode block
               00197 S_eeprom__trigger_save_eeprom   code
0000           00198 _trigger_save_eeprom:
0000 0000      00199         BANKSEL _incremental_save_counter
               00200 ;       .line   70; eeprom.c    incremental_save_counter = 0;
0002 6B00      00201         CLRF    _incremental_save_counter, B
0004 0012      00202         RETURN  
               00203 
               00204 ; ; Starting pCode block
               00205 S_eeprom__save_eeprom_if_needed code
0000           00206 _save_eeprom_if_needed:
               00207 ;       .line   45; eeprom.c    void save_eeprom_if_needed(){
0000 CFD9 FFE5 00208         MOVFF   FSR2L, POSTDEC1
0004 CFE1 FFD9 00209         MOVFF   FSR1L, FSR2L
0008 C000 FFE5 00210         MOVFF   r0x00, POSTDEC1
000C C000 FFE5 00211         MOVFF   r0x01, POSTDEC1
0010 C000 FFE5 00212         MOVFF   r0x02, POSTDEC1
               00213 ;       .line   46; eeprom.c    if ((incremental_save_counter < sizeof(eeprom_data))
0014 0E24      00214         MOVLW   0x24
0016 0000      00215         BANKSEL _incremental_save_counter
0018 5D00      00216         SUBWF   _incremental_save_counter, W, B
gpasm-0.13.4 beta               eeprom.asm  6-24-2008  22:20:38          PAGE  5


LOC  OBJECT CODE     LINE SOURCE TEXT
  VALUE
 
001A E200      00217         BC      _00121_DS_
               00218 ;       .line   47; eeprom.c    && !EECON1bits.WR){ // Is previous write complete?
001C B200      00219         BTFSC   _EECON1bits, 1
001E D000      00220         BRA     _00121_DS_
               00221 ;       .line   48; eeprom.c    EEADR = incremental_save_counter;
0020 C000 F000 00222         MOVFF   _incremental_save_counter, _EEADR
               00223 ;       .line   50; eeprom.c    EEDATA = ((uint8_t *)(&eeprom_data))[EEADR];
0024 0E00      00224         MOVLW   HIGH(_eeprom_data)
0026 6E00      00225         MOVWF   r0x01
0028 0E00      00226         MOVLW   LOW(_eeprom_data)
002A 6E00      00227         MOVWF   r0x00
002C 0E80      00228         MOVLW   0x80
002E 6E00      00229         MOVWF   r0x02
0030 5000      00230         MOVF    _EEADR, W
0032 2600      00231         ADDWF   r0x00, F
0034 6AE8      00232         CLRF    WREG
0036 2200      00233         ADDWFC  r0x01, F
0038 6AE8      00234         CLRF    WREG
003A 2200      00235         ADDWFC  r0x02, F
003C C000 FFE9 00236         MOVFF   r0x00, FSR0L
0040 C000 FFF3 00237         MOVFF   r0x01, PRODL
0044 5000      00238         MOVF    r0x02, W
0046 EC00 F000 00239         CALL    __gptrget1
004A 6E00      00240         MOVWF   _EEDATA
               00241 ;       .line   52; eeprom.c    EECON1bits.EEPGD = 0;
004C 9E00      00242         BCF     _EECON1bits, 7
               00243 ;       .line   53; eeprom.c    EECON1bits.CFGS = 0;
004E 9C00      00244         BCF     _EECON1bits, 6
               00245 ;       .line   54; eeprom.c    EECON1bits.WREN = 1;
0050 8400      00246         BSF     _EECON1bits, 2
0052 0E55      00247         movlw 0x55
0054 6E00      00248         movwf _EECON2
0056 0EAA      00249         movlw 0xAA
0058 6E00      00250         movwf _EECON2
005A 8200      00251         bsf _EECON1,1
               00252         
005C 0000      00253         BANKSEL _incremental_save_counter
               00254 ;       .line   65; eeprom.c    incremental_save_counter++;
005E 2B00      00255         INCF    _incremental_save_counter, F, B
0060           00256 _00121_DS_:
0060 CFE4 F000 00257         MOVFF   PREINC1, r0x02
0064 CFE4 F000 00258         MOVFF   PREINC1, r0x01
0068 CFE4 F000 00259         MOVFF   PREINC1, r0x00
006C CFE4 FFD9 00260         MOVFF   PREINC1, FSR2L
0070 0012      00261         RETURN  
               00262 
               00263 ; ; Starting pCode block
               00264 S_eeprom__init_eeprom   code
0000           00265 _init_eeprom:
               00266 ;       .line   34; eeprom.c    void init_eeprom(){
0000 C000 FFE5 00267         MOVFF   r0x00, POSTDEC1
0004 C000 FFE5 00268         MOVFF   r0x01, POSTDEC1
0008 C000 FFE5 00269         MOVFF   r0x02, POSTDEC1
               00270 ;       .line   35; eeprom.c    for (EEADR = 0; EEADR < sizeof(eeprom_data); EEADR++){
gpasm-0.13.4 beta               eeprom.asm  6-24-2008  22:20:38          PAGE  6


LOC  OBJECT CODE     LINE SOURCE TEXT
  VALUE
 
000C 6A00      00271         CLRF    _EEADR
000E           00272 _00109_DS_:
000E 0E24      00273         MOVLW   0x24
0010 5C00      00274         SUBWF   _EEADR, W
0012 E200      00275         BC      _00113_DS_
               00276 ;       .line   36; eeprom.c    EECON1bits.EEPGD = 0;
0014 9E00      00277         BCF     _EECON1bits, 7
               00278 ;       .line   37; eeprom.c    EECON1bits.CFGS = 0;
0016 9C00      00279         BCF     _EECON1bits, 6
               00280 ;       .line   38; eeprom.c    EECON1bits.RD = 1;
0018 8000      00281         BSF     _EECON1bits, 0
               00282 ;       .line   39; eeprom.c    ((uint8_t *)(&eeprom_data))[EEADR] = EEDATA;
001A 0E00      00283         MOVLW   HIGH(_eeprom_data)
001C 6E00      00284         MOVWF   r0x01
001E 0E00      00285         MOVLW   LOW(_eeprom_data)
0020 6E00      00286         MOVWF   r0x00
0022 0E80      00287         MOVLW   0x80
0024 6E00      00288         MOVWF   r0x02
0026 5000      00289         MOVF    _EEADR, W
0028 2600      00290         ADDWF   r0x00, F
002A 6AE8      00291         CLRF    WREG
002C 2200      00292         ADDWFC  r0x01, F
002E 6AE8      00293         CLRF    WREG
0030 2200      00294         ADDWFC  r0x02, F
0032 C000 FFE5 00295         MOVFF   _EEDATA, POSTDEC1
0036 C000 FFE9 00296         MOVFF   r0x00, FSR0L
003A C000 FFF3 00297         MOVFF   r0x01, PRODL
003E 5000      00298         MOVF    r0x02, W
0040 EC00 F000 00299         CALL    __gptrput1
               00300 ;       .line   35; eeprom.c    for (EEADR = 0; EEADR < sizeof(eeprom_data); EEADR++){
0044 2A00      00301         INCF    _EEADR, F
0046 D000      00302         BRA     _00109_DS_
0048           00303 _00113_DS_:
0048 CFE4 F000 00304         MOVFF   PREINC1, r0x02
004C CFE4 F000 00305         MOVFF   PREINC1, r0x01
0050 CFE4 F000 00306         MOVFF   PREINC1, r0x00
0054 0012      00307         RETURN  
               00308 
               00309 ; ; Starting pCode block
               00310 S_eeprom__do_eeprom_read        code
0000           00311 _do_eeprom_read:
               00312 ;       .line   29; eeprom.c    EECON1bits.EEPGD = 0;
0000 9E00      00313         BCF     _EECON1bits, 7
               00314 ;       .line   30; eeprom.c    EECON1bits.CFGS = 0;
0002 9C00      00315         BCF     _EECON1bits, 6
               00316 ;       .line   31; eeprom.c    EECON1bits.RD = 1;
0004 8000      00317         BSF     _EECON1bits, 0
0006 0012      00318         RETURN  
               00319 
               00320 
               00321 
               00322 ; Statistics:
               00323 ; code size:      236 (0x00ec) bytes ( 0.18%)
               00324 ;                 118 (0x0076) words
gpasm-0.13.4 beta               eeprom.asm  6-24-2008  22:20:38          PAGE  7


LOC  OBJECT CODE     LINE SOURCE TEXT
  VALUE
 
               00325 ; udata size:      36 (0x0024) bytes (56.25%)
               00326 ; access size:      3 (0x0003) bytes
               00327 
               00328 
gpasm-0.13.4 beta               eeprom.asm  6-24-2008  22:20:38          PAGE  8


SYMBOL TABLE
  LABEL                             VALUE 

FSR0L                             00000FE9
FSR1L                             00000FE1
FSR2L                             00000FD9
POSTDEC1                          00000FE5
PREINC1                           00000FE4
PRODL                             00000FF3
STATUS                            00000FD8
WREG                              00000FE8
_00109_DS_                        0000000E
_00113_DS_                        00000048
_00121_DS_                        00000060
_00130_DS_                        00000004
_00133_DS_                        00000012
_ADCON0                           00000000
_ADCON0bits                       00000000
_ADCON1                           00000000
_ADCON1bits                       00000000
_ADCON2                           00000000
_ADCON2bits                       00000000
_ADRESH                           00000000
_ADRESL                           00000000
_BAUDCTL                          00000000
_BSR                              00000000
_CCP1CON                          00000000
_CCP1CONbits                      00000000
_CCPR1H                           00000000
_CCPR1L                           00000000
_ECCPAS                           00000000
_ECCPASbits                       00000000
_EEADR                            00000000
_EECON1                           00000000
_EECON1bits                       00000000
_EECON2                           00000000
_EEDATA                           00000000
_FSR0H                            00000000
_FSR0L                            00000000
_FSR1H                            00000000
_FSR1L                            00000000
_FSR2H                            00000000
_FSR2L                            00000000
_INDF0                            00000000
_INDF1                            00000000
_INDF2                            00000000
_INTCON                           00000000
_INTCON2                          00000000
_INTCON2bits                      00000000
_INTCON3                          00000000
_INTCON3bits                      00000000
_INTCONbits                       00000000
_IPR1                             00000000
_IPR1bits                         00000000
_IPR2                             00000000
_IPR2bits                         00000000
gpasm-0.13.4 beta               eeprom.asm  6-24-2008  22:20:38          PAGE  9


LOC  OBJECT CODE     LINE SOURCE TEXT
  VALUE
 
_LATA                             00000000
_LATAbits                         00000000
_LATB                             00000000
_LATBbits                         00000000
_LVDCON                           00000000
_LVDCONbits                       00000000
_OSCCON                           00000000
_OSCCONbits                       00000000
_PCL                              00000000
_PCLATH                           00000000
_PCLATU                           00000000
_PIE1                             00000000
_PIE1bits                         00000000
_PIE2                             00000000
_PIE2bits                         00000000
_PIR1                             00000000
_PIR1bits                         00000000
_PIR2                             00000000
_PIR2bits                         00000000
_PLUSW0                           00000000
_PLUSW1                           00000000
_PLUSW2                           00000000
_PORTA                            00000000
_PORTAbits                        00000000
_PORTB                            00000000
_PORTBbits                        00000000
_POSTDEC0                         00000000
_POSTDEC1                         00000000
_POSTDEC2                         00000000
_POSTINC0                         00000000
_POSTINC1                         00000000
_POSTINC2                         00000000
_PR2                              00000000
_PREINC0                          00000000
_PREINC1                          00000000
_PREINC2                          00000000
_PRODH                            00000000
_PRODL                            00000000
_RCON                             00000000
_RCONbits                         00000000
_RCREG                            00000000
_RCSTA                            00000000
_RCSTAbits                        00000000
_SPBRG                            00000000
_SPBRGH                           00000000
_STATUS                           00000000
_STATUSbits                       00000000
_STKPTR                           00000000
_STKPTRbits                       00000000
_T0CON                            00000000
_T1CON                            00000000
_T1CONbits                        00000000
_T2CON                            00000000
_T2CONbits                        00000000
gpasm-0.13.4 beta               eeprom.asm  6-24-2008  22:20:38          PAGE 10


LOC  OBJECT CODE     LINE SOURCE TEXT
  VALUE
 
_T3CON                            00000000
_T3CONbits                        00000000
_TABLAT                           00000000
_TBLPTRH                          00000000
_TBLPTRL                          00000000
_TBLPTRU                          00000000
_TMR0H                            00000000
_TMR0L                            00000000
_TMR1H                            00000000
_TMR1L                            00000000
_TMR2                             00000000
_TMR3H                            00000000
_TMR3L                            00000000
_TOSH                             00000000
_TOSL                             00000000
_TOSU                             00000000
_TRISA                            00000000
_TRISAbits                        00000000
_TRISB                            00000000
_TRISBbits                        00000000
_TXREG                            00000000
_TXSTA                            00000000
_TXSTAbits                        00000000
_WDTCON                           00000000
_WDTCONbits                       00000000
_WREG                             00000000
__18F1320                         00000001
__gptrget1                        00000000
__gptrput1                        00000000
_do_eeprom_read                   00000000
_eeprom_data                      00000000
_incremental_save_counter         00000000
_init_eeprom                      00000000
_save_eeprom_fully                00000000
_save_eeprom_if_needed            00000000
_trigger_save_eeprom              00000000
r0x00                             00000000
r0x01                             00000001
r0x02                             00000002


Errors   :       0
Warnings :       0 reported,       0 suppressed
Messages :       0 reported,       0 suppressed

